# JRE version: OpenJDK Runtime Environment Temurin-17.0.5+8 (17.0.5+8) (build 17.0.5+8)
# Java VM: OpenJDK 64-Bit Server VM Temurin-17.0.5+8 (17.0.5+8, mixed mode, emulated-client, tiered, compressed oops, compressed class ptrs, g1 gc, windows-amd64)
GC Precious Log:
 CPUs: 4 total, 4 available
 Memory: 8190M
 Large Page Support: Disabled
 NUMA Support: Disabled
 Compressed Oops: Enabled (32-bit)
 Heap Region Size: 1M
 Heap Min Capacity: 8M
 Heap Initial Capacity: 128M
 Heap Max Capacity: 2G
 Pre-touch: Disabled
 Parallel Workers: 4
 Concurrent Workers: 1
 Concurrent Refinement Workers: 4
 Periodic GC: Disabled
Heap:
 garbage-first heap   total 95232K, used 53505K [0x0000000080000000, 0x0000000100000000)
  region size 1024K, 12 young (12288K), 2 survivors (2048K)
 Metaspace       used 74022K, committed 74688K, reserved 1114112K
  class space    used 9932K, committed 10240K, reserved 1048576K
GC Heap History (20 events):
Event: 8021.524 GC heap before
{Heap before GC invocations=77 (full 1):
 garbage-first heap   total 95232K, used 76948K [0x0000000080000000, 0x0000000100000000)
  region size 1024K, 46 young (47104K), 6 survivors (6144K)
 Metaspace       used 72773K, committed 73344K, reserved 1114112K
  class space    used 9794K, committed 10048K, reserved 1048576K
}
Event: 8021.532 GC heap after
{Heap after GC invocations=78 (full 1):
 garbage-first heap   total 95232K, used 36733K [0x0000000080000000, 0x0000000100000000)
  region size 1024K, 1 young (1024K), 1 survivors (1024K)
 Metaspace       used 72773K, committed 73344K, reserved 1114112K
  class space    used 9794K, committed 10048K, reserved 1048576K
}
Event: 8021.797 GC heap before
{Heap before GC invocations=78 (full 1):
 garbage-first heap   total 95232K, used 77693K [0x0000000080000000, 0x0000000100000000)
  region size 1024K, 41 young (41984K), 1 survivors (1024K)
 Metaspace       used 72773K, committed 73344K, reserved 1114112K
  class space    used 9794K, committed 10048K, reserved 1048576K
}
Event: 8021.798 GC heap after
{Heap after GC invocations=79 (full 1):
 garbage-first heap   total 95232K, used 36318K [0x0000000080000000, 0x0000000100000000)
  region size 1024K, 1 young (1024K), 1 survivors (1024K)
 Metaspace       used 72773K, committed 73344K, reserved 1114112K
  class space    used 9794K, committed 10048K, reserved 1048576K
}
Event: 8022.479 GC heap before
{Heap before GC invocations=79 (full 1):
 garbage-first heap   total 95232K, used 78302K [0x0000000080000000, 0x0000000100000000)
  region size 1024K, 42 young (43008K), 1 survivors (1024K)
 Metaspace       used 72773K, committed 73344K, reserved 1114112K
  class space    used 9794K, committed 10048K, reserved 1048576K
}
Event: 8022.481 GC heap after
{Heap after GC invocations=80 (full 1):
 garbage-first heap   total 95232K, used 36733K [0x0000000080000000, 0x0000000100000000)
  region size 1024K, 1 young (1024K), 1 survivors (1024K)
 Metaspace       used 72773K, committed 73344K, reserved 1114112K
  class space    used 9794K, committed 10048K, reserved 1048576K
}
Event: 8023.345 GC heap before
{Heap before GC invocations=80 (full 1):
 garbage-first heap   total 95232K, used 78717K [0x0000000080000000, 0x0000000100000000)
  region size 1024K, 42 young (43008K), 1 survivors (1024K)
 Metaspace       used 73141K, committed 73728K, reserved 1114112K
  class space    used 9852K, committed 10112K, reserved 1048576K
}
Event: 8023.348 GC heap after
{Heap after GC invocations=81 (full 1):
 garbage-first heap   total 95232K, used 38781K [0x0000000080000000, 0x0000000100000000)
  region size 1024K, 3 young (3072K), 3 survivors (3072K)
 Metaspace       used 73141K, committed 73728K, reserved 1114112K
  class space    used 9852K, committed 10112K, reserved 1048576K
}
Event: 8023.648 GC heap before
{Heap before GC invocations=81 (full 1):
 garbage-first heap   total 95232K, used 78717K [0x0000000080000000, 0x0000000100000000)
  region size 1024K, 42 young (43008K), 3 survivors (3072K)
 Metaspace       used 73141K, committed 73728K, reserved 1114112K
  class space    used 9852K, committed 10112K, reserved 1048576K
}
Event: 8023.652 GC heap after
{Heap after GC invocations=82 (full 1):
 garbage-first heap   total 95232K, used 39772K [0x0000000080000000, 0x0000000100000000)
  region size 1024K, 4 young (4096K), 4 survivors (4096K)
 Metaspace       used 73141K, committed 73728K, reserved 1114112K
  class space    used 9852K, committed 10112K, reserved 1048576K
}
Event: 8024.883 GC heap before
{Heap before GC invocations=82 (full 1):
 garbage-first heap   total 95232K, used 78684K [0x0000000080000000, 0x0000000100000000)
  region size 1024K, 42 young (43008K), 4 survivors (4096K)
 Metaspace       used 73379K, committed 74048K, reserved 1114112K
  class space    used 9873K, committed 10176K, reserved 1048576K
}
Event: 8024.892 GC heap after
{Heap after GC invocations=83 (full 1):
 garbage-first heap   total 95232K, used 40613K [0x0000000080000000, 0x0000000100000000)
  region size 1024K, 4 young (4096K), 4 survivors (4096K)
 Metaspace       used 73379K, committed 74048K, reserved 1114112K
  class space    used 9873K, committed 10176K, reserved 1048576K
}
Event: 8026.547 GC heap before
{Heap before GC invocations=83 (full 1):
 garbage-first heap   total 95232K, used 77477K [0x0000000080000000, 0x0000000100000000)
  region size 1024K, 40 young (40960K), 4 survivors (4096K)
 Metaspace       used 73639K, committed 74240K, reserved 1114112K
  class space    used 9898K, committed 10176K, reserved 1048576K
}
Event: 8026.560 GC heap after
{Heap after GC invocations=84 (full 1):
 garbage-first heap   total 95232K, used 42599K [0x0000000080000000, 0x0000000100000000)
  region size 1024K, 5 young (5120K), 5 survivors (5120K)
 Metaspace       used 73639K, committed 74240K, reserved 1114112K
  class space    used 9898K, committed 10176K, reserved 1048576K
}
Event: 8026.996 GC heap before
{Heap before GC invocations=84 (full 1):
 garbage-first heap   total 95232K, used 77415K [0x0000000080000000, 0x0000000100000000)
  region size 1024K, 39 young (39936K), 5 survivors (5120K)
 Metaspace       used 73736K, committed 74368K, reserved 1114112K
  class space    used 9906K, committed 10176K, reserved 1048576K
}
Event: 8027.001 GC heap after
{Heap after GC invocations=85 (full 1):
 garbage-first heap   total 95232K, used 43509K [0x0000000080000000, 0x0000000100000000)
  region size 1024K, 3 young (3072K), 3 survivors (3072K)
 Metaspace       used 73736K, committed 74368K, reserved 1114112K
  class space    used 9906K, committed 10176K, reserved 1048576K
}
Event: 8027.372 GC heap before
{Heap before GC invocations=85 (full 1):
 garbage-first heap   total 95232K, used 79349K [0x0000000080000000, 0x0000000100000000)
  region size 1024K, 38 young (38912K), 3 survivors (3072K)
 Metaspace       used 73856K, committed 74496K, reserved 1114112K
  class space    used 9919K, committed 10240K, reserved 1048576K
}
Event: 8027.377 GC heap after
{Heap after GC invocations=86 (full 1):
 garbage-first heap   total 95232K, used 44016K [0x0000000080000000, 0x0000000100000000)
  region size 1024K, 2 young (2048K), 2 survivors (2048K)
 Metaspace       used 73856K, committed 74496K, reserved 1114112K
  class space    used 9919K, committed 10240K, reserved 1048576K
}
Event: 8027.580 GC heap before
{Heap before GC invocations=86 (full 1):
 garbage-first heap   total 95232K, used 77808K [0x0000000080000000, 0x0000000100000000)
  region size 1024K, 35 young (35840K), 2 survivors (2048K)
 Metaspace       used 73945K, committed 74624K, reserved 1114112K
  class space    used 9928K, committed 10240K, reserved 1048576K
}
Event: 8027.583 GC heap after
{Heap after GC invocations=87 (full 1):
 garbage-first heap   total 95232K, used 44289K [0x0000000080000000, 0x0000000100000000)
  region size 1024K, 2 young (2048K), 2 survivors (2048K)
 Metaspace       used 73945K, committed 74624K, reserved 1114112K
  class space    used 9928K, committed 10240K, reserved 1048576K
}

